2024/11/22 04:29:57 [emerg] 1#1: duplicate upstream "backend_servers" in /etc/nginx/conf.d/least_connection.conf:1
2024/11/22 04:29:57 [emerg] 1#1: duplicate upstream "backend_servers" in /etc/nginx/conf.d/least_connection.conf:1
2024/11/22 04:29:57 [emerg] 1#1: duplicate upstream "backend_servers" in /etc/nginx/conf.d/least_connection.conf:1
2024/11/22 04:29:58 [emerg] 1#1: duplicate upstream "backend_servers" in /etc/nginx/conf.d/least_connection.conf:1
2024/11/22 04:29:59 [emerg] 1#1: duplicate upstream "backend_servers" in /etc/nginx/conf.d/least_connection.conf:1
2024/11/22 04:30:01 [emerg] 1#1: duplicate upstream "backend_servers" in /etc/nginx/conf.d/least_connection.conf:1
2024/11/22 04:30:04 [emerg] 1#1: duplicate upstream "backend_servers" in /etc/nginx/conf.d/least_connection.conf:1
2024/11/22 04:30:11 [emerg] 1#1: duplicate upstream "backend_servers" in /etc/nginx/conf.d/least_connection.conf:1
2024/11/22 04:30:24 [emerg] 1#1: duplicate upstream "backend_servers" in /etc/nginx/conf.d/least_connection.conf:1
2024/11/22 04:30:50 [emerg] 1#1: duplicate upstream "backend_servers" in /etc/nginx/conf.d/least_connection.conf:1
2024/11/22 04:31:41 [emerg] 1#1: duplicate upstream "backend_servers" in /etc/nginx/conf.d/least_connection.conf:1
2024/11/22 04:32:42 [emerg] 1#1: duplicate upstream "backend_servers" in /etc/nginx/conf.d/least_connection.conf:1
2024/11/22 04:33:42 [emerg] 1#1: duplicate upstream "backend_servers" in /etc/nginx/conf.d/least_connection.conf:1
2024/11/22 04:34:42 [emerg] 1#1: duplicate upstream "backend_servers" in /etc/nginx/conf.d/least_connection.conf:1
2024/11/22 04:35:43 [emerg] 1#1: duplicate upstream "backend_servers" in /etc/nginx/conf.d/least_connection.conf:1
2024/11/22 04:36:50 [emerg] 1#1: unknown directive "upsream" in /etc/nginx/conf.d/default.conf:2
2024/11/22 04:36:50 [emerg] 1#1: unknown directive "upsream" in /etc/nginx/conf.d/default.conf:2
2024/11/22 04:36:51 [emerg] 1#1: unknown directive "upsream" in /etc/nginx/conf.d/default.conf:2
2024/11/22 04:36:51 [emerg] 1#1: unknown directive "upsream" in /etc/nginx/conf.d/default.conf:2
2024/11/22 04:36:53 [emerg] 1#1: unknown directive "upsream" in /etc/nginx/conf.d/default.conf:2
2024/11/22 04:36:54 [emerg] 1#1: unknown directive "upsream" in /etc/nginx/conf.d/default.conf:2
2024/11/22 04:36:58 [emerg] 1#1: unknown directive "upsream" in /etc/nginx/conf.d/default.conf:2
2024/11/22 04:37:04 [emerg] 1#1: unknown directive "upsream" in /etc/nginx/conf.d/default.conf:2
2024/11/22 04:37:17 [emerg] 1#1: unknown directive "upsream" in /etc/nginx/conf.d/default.conf:2
2024/11/22 04:37:43 [emerg] 1#1: unknown directive "upsream" in /etc/nginx/conf.d/default.conf:2
2024/11/22 04:38:35 [emerg] 1#1: unknown directive "upsream" in /etc/nginx/conf.d/default.conf:2
2024/11/22 04:39:35 [emerg] 1#1: unknown directive "upsream" in /etc/nginx/conf.d/default.conf:2
2024/11/22 04:40:35 [emerg] 1#1: unknown directive "upsream" in /etc/nginx/conf.d/default.conf:2
2024/11/22 04:41:35 [emerg] 1#1: unknown directive "upsream" in /etc/nginx/conf.d/default.conf:2
2024/11/22 04:41:56 [emerg] 1#1: duplicate upstream "backend_servers" in /etc/nginx/conf.d/ip_hash.conf:1
2024/11/22 04:41:56 [emerg] 1#1: duplicate upstream "backend_servers" in /etc/nginx/conf.d/ip_hash.conf:1
2024/11/22 04:41:57 [emerg] 1#1: duplicate upstream "backend_servers" in /etc/nginx/conf.d/ip_hash.conf:1
2024/11/22 04:41:58 [emerg] 1#1: duplicate upstream "backend_servers" in /etc/nginx/conf.d/ip_hash.conf:1
2024/11/22 04:41:59 [emerg] 1#1: duplicate upstream "backend_servers" in /etc/nginx/conf.d/ip_hash.conf:1
2024/11/22 04:42:00 [emerg] 1#1: duplicate upstream "backend_servers" in /etc/nginx/conf.d/ip_hash.conf:1
2024/11/22 04:42:04 [emerg] 1#1: duplicate upstream "backend_servers" in /etc/nginx/conf.d/ip_hash.conf:1
2024/11/22 04:42:10 [emerg] 1#1: duplicate upstream "backend_servers" in /etc/nginx/conf.d/ip_hash.conf:1
2024/11/22 04:42:23 [emerg] 1#1: duplicate upstream "backend_servers" in /etc/nginx/conf.d/ip_hash.conf:1
2024/11/22 04:42:49 [emerg] 1#1: duplicate upstream "backend_servers" in /etc/nginx/conf.d/ip_hash.conf:1
2024/11/22 04:43:33 [notice] 1#1: using the "epoll" event method
2024/11/22 04:43:33 [notice] 1#1: nginx/1.27.2
2024/11/22 04:43:33 [notice] 1#1: built by gcc 12.2.0 (Debian 12.2.0-14) 
2024/11/22 04:43:33 [notice] 1#1: OS: Linux 5.14.0-480.el9.x86_64
2024/11/22 04:43:33 [notice] 1#1: getrlimit(RLIMIT_NOFILE): 1073741816:1073741816
2024/11/22 04:43:33 [notice] 1#1: start worker processes
2024/11/22 04:43:33 [notice] 1#1: start worker process 28
2024/11/22 04:43:33 [notice] 1#1: start worker process 29
2024/11/22 04:43:33 [notice] 1#1: start worker process 30
2024/11/22 04:43:33 [notice] 1#1: start worker process 31
2024/11/22 04:43:33 [notice] 1#1: start worker process 32
2024/11/22 04:43:33 [notice] 1#1: start worker process 33
2024/11/22 04:43:33 [notice] 1#1: start worker process 34
2024/11/22 04:43:33 [notice] 1#1: start worker process 35
2024/11/22 04:43:33 [notice] 1#1: start worker process 36
2024/11/22 04:43:33 [notice] 1#1: start worker process 37
2024/11/22 04:43:33 [notice] 1#1: start worker process 38
2024/11/22 04:43:33 [notice] 1#1: start worker process 39
2024/11/22 04:43:33 [notice] 1#1: start worker process 40
2024/11/22 04:43:33 [notice] 1#1: start worker process 41
2024/11/22 04:43:33 [notice] 1#1: start worker process 42
2024/11/22 04:43:33 [notice] 1#1: start worker process 43
2024/11/22 04:56:21 [notice] 1#1: signal 3 (SIGQUIT) received, shutting down
2024/11/22 04:56:21 [notice] 28#28: gracefully shutting down
2024/11/22 04:56:21 [notice] 29#29: gracefully shutting down
2024/11/22 04:56:21 [notice] 30#30: gracefully shutting down
2024/11/22 04:56:21 [notice] 28#28: exiting
2024/11/22 04:56:21 [notice] 30#30: exiting
2024/11/22 04:56:21 [notice] 31#31: gracefully shutting down
2024/11/22 04:56:21 [notice] 29#29: exiting
2024/11/22 04:56:21 [notice] 31#31: exiting
2024/11/22 04:56:21 [notice] 40#40: gracefully shutting down
2024/11/22 04:56:21 [notice] 40#40: exiting
2024/11/22 04:56:21 [notice] 29#29: exit
2024/11/22 04:56:21 [notice] 28#28: exit
2024/11/22 04:56:21 [notice] 30#30: exit
2024/11/22 04:56:21 [notice] 40#40: exit
2024/11/22 04:56:21 [notice] 31#31: exit
2024/11/22 04:56:21 [notice] 41#41: gracefully shutting down
2024/11/22 04:56:21 [notice] 41#41: exiting
2024/11/22 04:56:21 [notice] 37#37: gracefully shutting down
2024/11/22 04:56:21 [notice] 37#37: exiting
2024/11/22 04:56:21 [notice] 41#41: exit
2024/11/22 04:56:21 [notice] 37#37: exit
2024/11/22 04:56:21 [notice] 33#33: gracefully shutting down
2024/11/22 04:56:21 [notice] 33#33: exiting
2024/11/22 04:56:21 [notice] 38#38: gracefully shutting down
2024/11/22 04:56:21 [notice] 38#38: exiting
2024/11/22 04:56:21 [notice] 34#34: gracefully shutting down
2024/11/22 04:56:21 [notice] 42#42: gracefully shutting down
2024/11/22 04:56:21 [notice] 34#34: exiting
2024/11/22 04:56:21 [notice] 33#33: exit
2024/11/22 04:56:21 [notice] 32#32: gracefully shutting down
2024/11/22 04:56:21 [notice] 42#42: exiting
2024/11/22 04:56:21 [notice] 32#32: exiting
2024/11/22 04:56:21 [notice] 38#38: exit
2024/11/22 04:56:21 [notice] 42#42: exit
2024/11/22 04:56:21 [notice] 32#32: exit
2024/11/22 04:56:21 [notice] 34#34: exit
2024/11/22 04:56:21 [notice] 35#35: gracefully shutting down
2024/11/22 04:56:21 [notice] 35#35: exiting
2024/11/22 04:56:21 [notice] 43#43: gracefully shutting down
2024/11/22 04:56:21 [notice] 43#43: exiting
2024/11/22 04:56:21 [notice] 36#36: gracefully shutting down
2024/11/22 04:56:21 [notice] 36#36: exiting
2024/11/22 04:56:21 [notice] 35#35: exit
2024/11/22 04:56:21 [notice] 43#43: exit
2024/11/22 04:56:21 [notice] 39#39: gracefully shutting down
2024/11/22 04:56:21 [notice] 39#39: exiting
2024/11/22 04:56:21 [notice] 36#36: exit
2024/11/22 04:56:21 [notice] 39#39: exit
2024/11/22 04:56:21 [notice] 1#1: signal 17 (SIGCHLD) received from 34
2024/11/22 04:56:21 [notice] 1#1: worker process 34 exited with code 0
2024/11/22 04:56:21 [notice] 1#1: signal 29 (SIGIO) received
2024/11/22 04:56:21 [notice] 1#1: signal 17 (SIGCHLD) received from 32
2024/11/22 04:56:21 [notice] 1#1: worker process 29 exited with code 0
2024/11/22 04:56:21 [notice] 1#1: worker process 32 exited with code 0
2024/11/22 04:56:21 [notice] 1#1: worker process 38 exited with code 0
2024/11/22 04:56:21 [notice] 1#1: worker process 31 exited with code 0
2024/11/22 04:56:21 [notice] 1#1: worker process 43 exited with code 0
2024/11/22 04:56:21 [notice] 1#1: signal 29 (SIGIO) received
2024/11/22 04:56:21 [notice] 1#1: signal 17 (SIGCHLD) received from 38
2024/11/22 04:56:21 [notice] 1#1: worker process 30 exited with code 0
2024/11/22 04:56:21 [notice] 1#1: signal 29 (SIGIO) received
2024/11/22 04:56:21 [notice] 1#1: signal 17 (SIGCHLD) received from 30
2024/11/22 04:56:21 [notice] 1#1: signal 17 (SIGCHLD) received from 40
2024/11/22 04:56:21 [notice] 1#1: worker process 28 exited with code 0
2024/11/22 04:56:21 [notice] 1#1: worker process 40 exited with code 0
2024/11/22 04:56:21 [notice] 1#1: worker process 41 exited with code 0
2024/11/22 04:56:21 [notice] 1#1: signal 29 (SIGIO) received
2024/11/22 04:56:21 [notice] 1#1: signal 17 (SIGCHLD) received from 33
2024/11/22 04:56:21 [notice] 1#1: worker process 33 exited with code 0
2024/11/22 04:56:21 [notice] 1#1: worker process 35 exited with code 0
2024/11/22 04:56:21 [notice] 1#1: worker process 36 exited with code 0
2024/11/22 04:56:21 [notice] 1#1: signal 29 (SIGIO) received
2024/11/22 04:56:21 [notice] 1#1: signal 17 (SIGCHLD) received from 42
2024/11/22 04:56:21 [notice] 1#1: worker process 42 exited with code 0
2024/11/22 04:56:21 [notice] 1#1: signal 29 (SIGIO) received
2024/11/22 04:56:21 [notice] 1#1: signal 17 (SIGCHLD) received from 37
2024/11/22 04:56:21 [notice] 1#1: worker process 37 exited with code 0
2024/11/22 04:56:21 [notice] 1#1: signal 29 (SIGIO) received
2024/11/22 04:56:21 [notice] 1#1: signal 17 (SIGCHLD) received from 39
2024/11/22 04:56:21 [notice] 1#1: worker process 39 exited with code 0
2024/11/22 04:56:21 [notice] 1#1: exit
